Watching for file changes with StatReloader
D:\fullstack proj\jango\jango\urls.py changed, reloading.
Watching for file changes with StatReloader
Watching for file changes with StatReloader
Forbidden (Origin checking failed - http://localhost:5173 does not match any trusted origins.): /savefile/
Forbidden (Origin checking failed - http://localhost:5173 does not match any trusted origins.): /savefile/
Forbidden (Origin checking failed - http://localhost:5173 does not match any trusted origins.): /savefile/
Forbidden (Origin checking failed - http://localhost:5173 does not match any trusted origins.): /savefile/
D:\fullstack proj\jango\jango\settings.py changed, reloading.
D:\fullstack proj\jango\jango\settings.py changed, reloading.
Watching for file changes with StatReloader
Watching for file changes with StatReloader
Forbidden (Origin checking failed - http://localhost:5173 does not match any trusted origins.): /savefile/
Forbidden (Origin checking failed - http://localhost:5173 does not match any trusted origins.): /savefile/
D:\fullstack proj\jango\empApp\views.py changed, reloading.
Watching for file changes with StatReloader
Bad Request: /employee/
Watching for file changes with StatReloader
File saved successfully: 9e281f2d-6d68-4062-925e-f0f8949f019a.jpg
Bad Request: /employee/
File saved successfully: 51a3bb61-555a-4cfe-8c17-c1b6c5e6ab1d.jpg
Not Found: /photos/51a3bb61-555a-4cfe-8c17-c1b6c5e6ab1d.jpg
File saved successfully: 9c6f2cf5-cd18-4c7d-9a09-8f3cf253f2d3.jpg
Not Found: /Photo/9c6f2cf5-cd18-4c7d-9a09-8f3cf253f2d3.jpg
File saved successfully: f8f5dcd0-9bc7-4548-a67d-cfa7e2271cde.jpg
File saved successfully: 3bcc9044-5fdd-4fed-83db-c34b2f4b32da.jpg
Watching for file changes with StatReloader
Not Found: /favicon.ico
Not Found: /photos/default.png
Not Found: /photos/default.png
File saved successfully: f065609b-c83b-434d-a477-e3036b8745af.jpg
File saved successfully: e30d61d2-4694-431b-aba3-457fcd9ec9c6.jpg
File saved successfully: b0b885ca-c1cd-4ab3-8e14-a2c94697e645.jpg
File saved successfully: 03e44724-311b-480a-b413-7d0fda385689.jpg
Watching for file changes with StatReloader
D:\fullstack proj\jango\empApp\urls.py changed, reloading.
Watching for file changes with StatReloader
Watching for file changes with StatReloader
Watching for file changes with StatReloader
Not Found: /favicon.ico
Not Found: /emplyee-report/
